<?xml version="1.0" encoding="UTF-8"?>
<testsuite xmlns:xsi="http://www.w3.org/2001/XMLSchema-instance" xsi:noNamespaceSchemaLocation="https://maven.apache.org/surefire/maven-surefire-plugin/xsd/surefire-test-report.xsd" version="3.0.2" name="com.taxinghelp.TaxingHelpApplicationTests" time="7.82" tests="1" errors="0" skipped="0" failures="0">
  <properties>
[...]
</properties>
  <testcase name="contextLoads" classname="com.taxinghelp.TaxingHelpApplicationTests" time="1.764">
    <system-out><![CDATA[00:59:55.039 [main] INFO org.springframework.test.context.support.AnnotationConfigContextLoaderUtils -- Could not detect default configuration classes for test class [com.taxinghelp.TaxingHelpApplicationTests]: TaxingHelpApplicationTests does not declare any static, non-private, non-final, nested classes annotated with @Configuration.
00:59:55.512 [main] INFO org.springframework.boot.test.context.SpringBootTestContextBootstrapper -- Found @SpringBootConfiguration com.taxinghelp.TaxingHelpApplication for test class com.taxinghelp.TaxingHelpApplicationTests

  .   ____          _            __ _ _
 /\\ / ___'_ __ _ _(_)_ __  __ _ \ \ \ \
( ( )\___ | '_ | '_| | '_ \/ _` | \ \ \ \
 \\/  ___)| |_)| | | | | || (_| |  ) ) ) )
  '  |____| .__|_| |_|_| |_\__, | / / / /
 =========|_|==============|___/=/_/_/_/

 :: Spring Boot ::                (v3.5.6)

2025-10-16T00:59:57.050+05:30  INFO 13600 --- [           main] c.taxinghelp.TaxingHelpApplicationTests  : Starting TaxingHelpApplicationTests using Java 17.0.15 with PID 13600 (started by 91725 in D:\TaxingHelp)
2025-10-16T00:59:57.054+05:30  INFO 13600 --- [           main] c.taxinghelp.TaxingHelpApplicationTests  : No active profile set, falling back to 1 default profile: "default"
2025-10-16T00:59:59.679+05:30  INFO 13600 --- [           main] o.s.b.a.w.s.WelcomePageHandlerMapping    : Adding welcome page: class path resource [static/index.html]
2025-10-16T01:00:00.481+05:30  INFO 13600 --- [           main] c.taxinghelp.TaxingHelpApplicationTests  : Started TaxingHelpApplicationTests in 4.374 seconds (process running for 7.982)
]]></system-out>
  </testcase>
</testsuite>